  Interface_c.c
  Client.c
  Crypt.c
c:\users\arina\desktop\mine&study\3 course\5 semester\безопасность современных информационных технологий 5 сем\лабораторные\лабораторная 1 доп\lab_1_add\client\crypt.c(30): warning C4010: однострочный комментарий содержит знак объединения строк
c:\users\arina\desktop\mine&study\3 course\5 semester\безопасность современных информационных технологий 5 сем\лабораторные\лабораторная 1 доп\lab_1_add\client\crypt.c(32): warning C4010: однострочный комментарий содержит знак объединения строк
c:\users\arina\desktop\mine&study\3 course\5 semester\безопасность современных информационных технологий 5 сем\лабораторные\лабораторная 1 доп\lab_1_add\client\crypt.c(33): warning C4010: однострочный комментарий содержит знак объединения строк
c:\users\arina\desktop\mine&study\3 course\5 semester\безопасность современных информационных технологий 5 сем\лабораторные\лабораторная 1 доп\lab_1_add\client\crypt.c(34): warning C4047: функция: "DWORD" отличается по уровням косвенного обращения от "void *"
c:\users\arina\desktop\mine&study\3 course\5 semester\безопасность современных информационных технологий 5 сем\лабораторные\лабораторная 1 доп\lab_1_add\client\crypt.c(34): warning C4024: CryptExportKey: различные типы для формального и фактического параметров 4
c:\users\arina\desktop\mine&study\3 course\5 semester\безопасность современных информационных технологий 5 сем\лабораторные\лабораторная 1 доп\lab_1_add\client\crypt.c(42): warning C4047: функция: "DWORD" отличается по уровням косвенного обращения от "void *"
c:\users\arina\desktop\mine&study\3 course\5 semester\безопасность современных информационных технологий 5 сем\лабораторные\лабораторная 1 доп\lab_1_add\client\crypt.c(42): warning C4024: CryptExportKey: различные типы для формального и фактического параметров 4
c:\users\arina\desktop\mine&study\3 course\5 semester\безопасность современных информационных технологий 5 сем\лабораторные\лабораторная 1 доп\lab_1_add\client\crypt.c(51): warning C4047: функция: "DWORD" отличается по уровням косвенного обращения от "void *"
c:\users\arina\desktop\mine&study\3 course\5 semester\безопасность современных информационных технологий 5 сем\лабораторные\лабораторная 1 доп\lab_1_add\client\crypt.c(51): warning C4024: CryptImportKey: различные типы для формального и фактического параметров 5
c:\users\arina\desktop\mine&study\3 course\5 semester\безопасность современных информационных технологий 5 сем\лабораторные\лабораторная 1 доп\lab_1_add\client\crypt.c(59): warning C4010: однострочный комментарий содержит знак объединения строк
c:\users\arina\desktop\mine&study\3 course\5 semester\безопасность современных информационных технологий 5 сем\лабораторные\лабораторная 1 доп\lab_1_add\client\crypt.c(60): warning C4047: функция: "HCRYPTHASH" отличается по уровням косвенного обращения от "void *"
c:\users\arina\desktop\mine&study\3 course\5 semester\безопасность современных информационных технологий 5 сем\лабораторные\лабораторная 1 доп\lab_1_add\client\crypt.c(60): warning C4024: CryptEncrypt: различные типы для формального и фактического параметров 2
c:\users\arina\desktop\mine&study\3 course\5 semester\безопасность современных информационных технологий 5 сем\лабораторные\лабораторная 1 доп\lab_1_add\client\crypt.c(60): warning C4047: функция: "DWORD" отличается по уровням косвенного обращения от "void *"
c:\users\arina\desktop\mine&study\3 course\5 semester\безопасность современных информационных технологий 5 сем\лабораторные\лабораторная 1 доп\lab_1_add\client\crypt.c(60): warning C4024: CryptEncrypt: различные типы для формального и фактического параметров 4
c:\users\arina\desktop\mine&study\3 course\5 semester\безопасность современных информационных технологий 5 сем\лабораторные\лабораторная 1 доп\lab_1_add\client\crypt.c(75): warning C4047: функция: "HCRYPTHASH" отличается по уровням косвенного обращения от "void *"
c:\users\arina\desktop\mine&study\3 course\5 semester\безопасность современных информационных технологий 5 сем\лабораторные\лабораторная 1 доп\lab_1_add\client\crypt.c(75): warning C4024: CryptDecrypt: различные типы для формального и фактического параметров 2
c:\users\arina\desktop\mine&study\3 course\5 semester\безопасность современных информационных технологий 5 сем\лабораторные\лабораторная 1 доп\lab_1_add\client\crypt.c(75): warning C4047: функция: "DWORD" отличается по уровням косвенного обращения от "void *"
c:\users\arina\desktop\mine&study\3 course\5 semester\безопасность современных информационных технологий 5 сем\лабораторные\лабораторная 1 доп\lab_1_add\client\crypt.c(75): warning C4024: CryptDecrypt: различные типы для формального и фактического параметров 4
  Создание кода
c:\users\arina\desktop\mine&study\3 course\5 semester\безопасность современных информационных технологий 5 сем\лабораторные\лабораторная 1 доп\lab_1_add\client\crypt.c(52): warning C4716: cryptClientImportSessionKey: должна возвращать значение
  All 29 functions were compiled because no usable IPDB/IOBJ from previous compilation was found.
  Создание кода завершено
  Client.vcxproj -> C:\Users\Arina\Desktop\Mine&Study\3 course\5 semester\Безопасность современных информационных технологий 5 сем\Лабораторные\Лабораторная 1 доп\Lab_1_Add\Release\Client.exe
